pan: ltl formula e2
pan:1: acceptance cycle (at depth 162)
pan: wrote mutex.pml.trail

(Spin Version 6.4.8 -- 2 March 2018)
Warning: Search not completed
	+ Partial Order Reduction

Full statespace search for:
	never claim         	+ (e2)
	assertion violations	+ (if within scope of claim)
	acceptance   cycles 	+ (fairness enabled)
	invalid end states	- (disabled by never claim)

State-vector 36 byte, depth reached 191, errors: 1
       89 states, stored (99 visited)
       16 states, matched
      115 transitions (= visited+matched)
        0 atomic steps
hash conflicts:         0 (resolved)

Stats on memory usage (in Megabytes):
    0.005	equivalent memory usage for states (stored*(State-vector + overhead))
    0.282	actual memory usage for states
  128.000	memory used for hash table (-w24)
    0.534	memory used for DFS stack (-m10000)
  128.730	total actual memory usage



pan: elapsed time 0 seconds
