pan: ltl formula e6
pan:1: assertion violated  !( !(( !((e2==1))||((s2==2)&&(s0==2))))) (at depth 14)
pan: wrote mutex.pml.trail

(Spin Version 6.4.8 -- 2 March 2018)
Warning: Search not completed
	+ Partial Order Reduction

Full statespace search for:
	never claim         	+ (e6)
	assertion violations	+ (if within scope of claim)
	acceptance   cycles 	+ (fairness enabled)
	invalid end states	- (disabled by never claim)

State-vector 60 byte, depth reached 14, errors: 1
        8 states, stored
        0 states, matched
        8 transitions (= stored+matched)
        0 atomic steps
hash conflicts:         0 (resolved)

Stats on memory usage (in Megabytes):
    0.001	equivalent memory usage for states (stored*(State-vector + overhead))
    0.276	actual memory usage for states
  128.000	memory used for hash table (-w24)
    0.534	memory used for DFS stack (-m10000)
  128.730	total actual memory usage



pan: elapsed time 0 seconds
